build/app/outputs/mapping/neharishaadiRelease/seeds.txt
com.neharishaadi.wedding.MainActivity
com.neharishaadi.wedding.MainActivity: MainActivity()
...
com.pichillilorenzo.flutter_inappwebview.in_app_webview.InAppWebView$3: void run()
androidx.core.app.ActivityCompat$Api21Impl: void finishAfterTransition(android.app.Activity)
kotlin.coroutines.jvm.internal.ContinuationImpl: void releaseIntercepted()
com.pichillilorenzo.flutter_inappwebview.Util: void log(java.lang.String,java.lang.String)
com.google.android.exoplayer2.mediacodec.MediaCodecRenderer$Api31: void setLogSessionIdToMediaCodecFormat(com.google.android.exoplayer2.mediacodec.MediaCodecAdapter$Configuration,com.google.android.exoplayer2.analytics.PlayerId)
androidx.core.view.ViewCompat$Api16Impl: int getImportantForAccessibility(android.view.View)
androidx.window.embedding.MatcherUtils: boolean areComponentsMatching$window_release(android.content.ComponentName,android.content.ComponentName)
kotlin.jvm.internal.FunctionReference: FunctionReference(int)
androidx.swiperefreshlayout.widget.SwipeRefreshLayout: void onMeasure(int,int)
com.google.android.gms.measurement.AppMeasurement: void endAdUnitExposure(java.lang.String)
org.chromium.support_lib_boundary.WebViewProviderBoundaryInterface: void insertVisualStateCallback(long,java.lang.reflect.InvocationHandler)
io.flutter.plugin.editing.ImeSyncDeferringInsetsCallback: android.view.View access$600(io.flutter.plugin.editing.ImeSyncDeferringInsetsCallback)
com.dexterous.flutterlocalnotifications.FlutterLocalNotificationsPlugin: void zonedSchedule(io.flutter.plugin.common.MethodCall,io.flutter.plugin.common.MethodChannel$Result)
androidx.window.layout.WindowInfoTrackerDecorator: androidx.window.layout.WindowInfoTracker decorate(androidx.window.layout.WindowInfoTracker)
com.pichillilorenzo.flutter_inappwebview.Util: com.pichillilorenzo.flutter_inappwebview.types.Size2D getFullscreenSize(android.content.Context)
androidx.appcompat.app.AppCompatActivity: void openOptionsMenu()
com.dexterous.flutterlocalnotifications.FlutterLocalNotificationsPlugin: void setActivity(android.app.Activity)
com.dexterous.flutterlocalnotifications.FlutterLocalNotificationsPlugin: byte[] castObjectToByteArray(java.lang.Object)
com.pichillilorenzo.flutter_inappwebview.in_app_webview.ThreadedInputConnectionProxyAdapterView: boolean isFocused()
androidx.webkit.WebViewClientCompat: WebViewClientCompat()
androidx.core.content.FileProvider: java.lang.String getType(android.net.Uri)
com.pichillilorenzo.flutter_inappwebview.in_app_webview.InAppWebViewClient: void onPageStarted(android.webkit.WebView,java.lang.String,android.graphics.Bitmap)
androidx.window.layout.SidecarCompat: void unregisterComponentCallback(android.app.Activity)
com.pichillilorenzo.flutter_inappwebview.types.InAppWebViewInterface: void loadDataWithBaseURL(java.lang.String,java.lang.String,java.lang.String,java.lang.String,java.lang.String)
androidx.window.embedding.SplitInfo: float getSplitRatio()
androidx.window.layout.FoldingFeature$OcclusionType: java.lang.String toString()
com.pichillilorenzo.flutter_inappwebview.types.URLCredential: void setId(java.lang.Long)
com.pichillilorenzo.flutter_inappwebview.JavaScriptBridgeInterface$1: void run()
com.pichillilorenzo.flutter_inappwebview.in_app_webview.InAppWebView$9: InAppWebView$9(com.pichillilorenzo.flutter_inappwebview.in_app_webview.InAppWebView,java.lang.String,boolean,com.pichillilorenzo.flutter_inappwebview.types.PluginScript)
androidx.core.view.ViewCompat$Api16Impl: void postInvalidateOnAnimation(android.view.View,int,int,int,int)
androidx.appcompat.widget.AppCompatTextViewAutoSizeHelper$Impl29: AppCompatTextViewAutoSizeHelper$Impl29()
com.pichillilorenzo.flutter_inappwebview.types.CreateWindowAction: boolean equals(java.lang.Object)
kotlin.jvm.internal.CallableReference: java.util.List getParameters()
androidx.activity.ComponentActivity: void addMenuProvider(androidx.core.view.MenuProvider,androidx.lifecycle.LifecycleOwner)
androidx.appcompat.widget.AppCompatSpinner$Api17Impl: void setTextAlignment(android.view.View,int)