build/app/outputs/mapping/neharishaadiRelease/usage.txt
com.neharishaadi.wedding.BuildConfig
com.neharishaadi.wedding.R$anim
com.neharishaadi.wedding.R$animator
com.neharishaadi.wedding.R$attr
com.neharishaadi.wedding.R$bool
com.neharishaadi.wedding.R$color
com.neharishaadi.wedding.R$dimen
com.neharishaadi.wedding.R$drawable
com.neharishaadi.wedding.R$id
com.neharishaadi.wedding.R$integer
com.neharishaadi.wedding.R$interpolator
com.neharishaadi.wedding.R$layout
com.neharishaadi.wedding.R$menu
com.neharishaadi.wedding.R$mipmap
com.neharishaadi.wedding.R$raw
com.neharishaadi.wedding.R$string
com.neharishaadi.wedding.R$style
com.neharishaadi.wedding.R$styleable
com.neharishaadi.wedding.R$xml
com.neharishaadi.wedding.R
...
io.flutter.embedding.engine.systemchannels.AccessibilityChannel:
    public final io.flutter.plugin.common.BasicMessageChannel channel
    final io.flutter.plugin.common.BasicMessageChannel$MessageHandler parsingMessageHandler
    public void dispatchSemanticsAction(int,io.flutter.view.AccessibilityBridge$Action)
    public void dispatchSemanticsAction(int,io.flutter.view.AccessibilityBridge$Action,java.lang.Object)
    public void onAndroidAccessibilityDisabled()
    public void onAndroidAccessibilityEnabled()
    public void setAccessibilityFeatures(int)
io.flutter.embedding.engine.systemchannels.DeferredComponentChannel$1:
    private void $r8$constructor$io$flutter$embedding$engine$systemchannels$DeferredComponentChannel$1(io.flutter.embedding.engine.systemchannels.DeferredComponentChannel)
    private void $r8$constructor$io$flutter$embedding$engine$systemchannels$LocalizationChannel$1(io.flutter.embedding.engine.systemchannels.LocalizationChannel)
    private void $r8$constructor$io$flutter$embedding$engine$systemchannels$MouseCursorChannel$1(io.flutter.embedding.engine.systemchannels.MouseCursorChannel)
    private void $r8$constructor$io$flutter$embedding$engine$systemchannels$NavigationChannel$1(io.flutter.embedding.engine.systemchannels.NavigationChannel)
    private void $r8$constructor$io$flutter$embedding$engine$systemchannels$PlatformChannel$1(io.flutter.embedding.engine.systemchannels.PlatformChannel)
    private void $r8$constructor$io$flutter$embedding$engine$systemchannels$PlatformViewsChannel$1(io.flutter.embedding.engine.systemchannels.PlatformViewsChannel)
    private void $r8$constructor$io$flutter$embedding$engine$systemchannels$RestorationChannel$2(io.flutter.embedding.engine.systemchannels.RestorationChannel)
    private void $r8$constructor$io$flutter$embedding$engine$systemchannels$SpellCheckChannel$1(io.flutter.embedding.engine.systemchannels.LocalizationChannel)
io.flutter.embedding.engine.systemchannels.DeferredComponentChannel:
    private final io.flutter.plugin.common.MethodChannel channel
io.flutter.embedding.engine.systemchannels.KeyEventChannel$$InternalSyntheticLambda$1$d5af29d4a8822d13208aa86542407600ed612d5d7e71a81450457d39615c6b0d$0
io.flutter.embedding.engine.systemchannels.KeyEventChannel$EventResponseHandler
io.flutter.embedding.engine.systemchannels.KeyEventChannel$FlutterKeyEvent
io.flutter.embedding.engine.systemchannels.KeyEventChannel:
    private void $r8$constructor$io$flutter$embedding$engine$systemchannels$KeyEventChannel(io.flutter.plugin.common.BinaryMessenger)
    private void $r8$constructor$io$flutter$embedding$engine$systemchannels$LifecycleChannel(io.flutter.embedding.engine.dart.DartExecutor)
    private void $r8$constructor$io$flutter$embedding$engine$systemchannels$SettingsChannel(io.flutter.embedding.engine.dart.DartExecutor)
    private void $r8$constructor$io$flutter$embedding$engine$systemchannels$SystemChannel(io.flutter.embedding.engine.dart.DartExecutor)
    public static void $r8$lambda$RL0HJ5TnZGrDabOeA71yhjryCe4(androidx.core.app.ActivityCompat$SharedElementCallback21Impl$$InternalSyntheticLambda$0$5143817b8e85ebc2b098ea1f17d922151927d148814c374878cbf11e53cfc1c1$0,java.lang.Object)
    public void appIsDetached()
    public void appIsInactive()
    public void appIsPaused()
    public void appIsResumed()
    private static io.flutter.plugin.common.BasicMessageChannel$Reply createReplyHandler(androidx.core.app.ActivityCompat$SharedElementCallback21Impl$$InternalSyntheticLambda$0$5143817b8e85ebc2b098ea1f17d922151927d148814c374878cbf11e53cfc1c1$0)
    private java.util.Map encodeKeyEvent(com.google.android.exoplayer2.FormatHolder,boolean)
io.flutter.embedding.engine.systemchannels.LifecycleChannel
io.flutter.embedding.engine.systemchannels.LocalizationChannel$1